Arguments: 
  /home/chin/.nvm/versions/node/v16.14.2/bin/node /home/chin/.nvm/versions/node/v16.14.2/bin/yarn

PATH: 
  /home/chin/.nvm/versions/node/v16.14.2/bin:/home/chin/.local/share/solana/install/active_release/bin:/home/chin/.cargo/bin:/usr/local/sbin:/usr/local/bin:/usr/sbin:/usr/bin:/sbin:/bin:/usr/games:/usr/local/games:/usr/lib/wsl/lib:/mnt/c/Windows/system32:/mnt/c/Windows:/mnt/c/Windows/System32/Wbem:/mnt/c/Windows/System32/WindowsPowerShell/v1.0/:/mnt/c/Windows/System32/OpenSSH/:/mnt/c/Program Files (x86)/NVIDIA Corporation/PhysX/Common:/mnt/c/Program Files/NVIDIA Corporation/NVIDIA NvDLISR:/mnt/c/WINDOWS/system32:/mnt/c/WINDOWS:/mnt/c/WINDOWS/System32/Wbem:/mnt/c/WINDOWS/System32/WindowsPowerShell/v1.0/:/mnt/c/WINDOWS/System32/OpenSSH/:/mnt/c/Program Files/nodejs/:/mnt/c/Users/chels/AppData/Local/Microsoft/WindowsApps:/mnt/c/Users/chels/AppData/Local/Programs/Microsoft VS Code/bin:/mnt/c/Users/chels/AppData/Local/GitHubDesktop/bin:/mnt/c/Users/chels/AppData/Roaming/npm:/snap/bin

Yarn version: 
  1.22.18

Node version: 
  16.14.2

Platform: 
  linux x64

Trace: 
  Error: EPERM: operation not permitted, copyfile '/home/chin/.cache/yarn/v6/npm-argparse-2.0.1-246f50f3ca78a3240f6c997e8a9bd1eac49e4b38-integrity/node_modules/argparse/CHANGELOG.md' -> '/mnt/c/Users/chels/OneDrive/Documents/GitHub/gif-portal-starter/gifportal/node_modules/argparse/CHANGELOG.md'

npm manifest: 
  {
      "scripts": {
          "lint:fix": "prettier */*.js \"*/**/*{.js,.ts}\" -w",
          "lint": "prettier */*.js \"*/**/*{.js,.ts}\" --check"
      },
      "dependencies": {
          "@project-serum/anchor": "^0.24.2"
      },
      "devDependencies": {
          "chai": "^4.3.4",
          "mocha": "^9.0.3",
          "prettier": "^2.6.2"
      }
  }

yarn manifest: 
  No manifest

Lockfile: 
  No lockfile
